<?xml version="1.0" encoding="UTF-8"?>
<robot generator="Robot 6.0.1 (Python 3.10.7 on win32)" generated="20221123 19:17:04.533" rpa="false" schemaversion="3">
<suite id="s1" name="Gestionlframe" source="c:\Users\User\Desktop\robotFrameProjet03\gestionlframe.robot">
<test id="s1-t1" name="testGererUneAlert" line="9">
<kw name="Open Browser" library="SeleniumLibrary">
<arg>https://www.selenium.dev/selenium/docs/api/java/index.html?overview-summary.html</arg>
<arg>gc</arg>
<doc>Opens a new browser instance to the optional ``url``.</doc>
<msg timestamp="20221123 19:17:05.534" level="INFO">Opening browser 'gc' to base url 'https://www.selenium.dev/selenium/docs/api/java/index.html?overview-summary.html'.</msg>
<status status="PASS" starttime="20221123 19:17:05.529" endtime="20221123 19:17:08.829"/>
</kw>
<kw name="Maximize Browser Window" library="SeleniumLibrary">
<doc>Maximizes current browser window.</doc>
<status status="PASS" starttime="20221123 19:17:08.851" endtime="20221123 19:17:09.074"/>
</kw>
<kw name="Sleep" library="BuiltIn">
<arg>3</arg>
<doc>Pauses the test executed for the given time.</doc>
<msg timestamp="20221123 19:17:12.079" level="INFO">Slept 3 seconds</msg>
<status status="PASS" starttime="20221123 19:17:09.076" endtime="20221123 19:17:12.079"/>
</kw>
<kw name="Select Frame" library="SeleniumLibrary">
<arg>name:packageListFrame</arg>
<doc>Sets frame identified by ``locator`` as the current frame.</doc>
<msg timestamp="20221123 19:17:12.085" level="INFO">Selecting frame 'name:packageListFrame'.</msg>
<status status="PASS" starttime="20221123 19:17:12.083" endtime="20221123 19:17:12.184"/>
</kw>
<kw name="Click Link" library="SeleniumLibrary">
<arg>org.openqa.selenium</arg>
<doc>Clicks a link identified by ``locator``.</doc>
<msg timestamp="20221123 19:17:12.187" level="INFO">Clicking link 'org.openqa.selenium'.</msg>
<status status="PASS" starttime="20221123 19:17:12.185" endtime="20221123 19:17:12.357"/>
</kw>
<kw name="Unselect Frame" library="SeleniumLibrary">
<doc>Sets the main frame as the current frame.</doc>
<status status="PASS" starttime="20221123 19:17:12.363" endtime="20221123 19:17:12.371"/>
</kw>
<kw name="Sleep" library="BuiltIn">
<arg>3</arg>
<doc>Pauses the test executed for the given time.</doc>
<msg timestamp="20221123 19:17:15.383" level="INFO">Slept 3 seconds</msg>
<status status="PASS" starttime="20221123 19:17:12.372" endtime="20221123 19:17:15.383"/>
</kw>
<kw name="Select Frame" library="SeleniumLibrary">
<arg>name:packageFrame</arg>
<doc>Sets frame identified by ``locator`` as the current frame.</doc>
<msg timestamp="20221123 19:17:15.386" level="INFO">Selecting frame 'name:packageFrame'.</msg>
<status status="PASS" starttime="20221123 19:17:15.385" endtime="20221123 19:17:15.441"/>
</kw>
<kw name="Click Link" library="SeleniumLibrary">
<arg>WebDriver</arg>
<doc>Clicks a link identified by ``locator``.</doc>
<msg timestamp="20221123 19:17:15.443" level="INFO">Clicking link 'WebDriver'.</msg>
<status status="PASS" starttime="20221123 19:17:15.442" endtime="20221123 19:17:15.590"/>
</kw>
<kw name="Unselect Frame" library="SeleniumLibrary">
<doc>Sets the main frame as the current frame.</doc>
<status status="PASS" starttime="20221123 19:17:15.592" endtime="20221123 19:17:15.595"/>
</kw>
<kw name="Sleep" library="BuiltIn">
<arg>3</arg>
<doc>Pauses the test executed for the given time.</doc>
<msg timestamp="20221123 19:17:18.596" level="INFO">Slept 3 seconds</msg>
<status status="PASS" starttime="20221123 19:17:15.595" endtime="20221123 19:17:18.597"/>
</kw>
<kw name="Select Frame" library="SeleniumLibrary">
<arg>name:classFrame</arg>
<doc>Sets frame identified by ``locator`` as the current frame.</doc>
<msg timestamp="20221123 19:17:18.601" level="INFO">Selecting frame 'name:classFrame'.</msg>
<status status="PASS" starttime="20221123 19:17:18.600" endtime="20221123 19:17:18.650"/>
</kw>
<kw name="Click Link" library="SeleniumLibrary">
<arg>Help</arg>
<doc>Clicks a link identified by ``locator``.</doc>
<msg timestamp="20221123 19:17:18.653" level="INFO">Clicking link 'Help'.</msg>
<status status="PASS" starttime="20221123 19:17:18.652" endtime="20221123 19:17:19.027"/>
</kw>
<kw name="Unselect Frame" library="SeleniumLibrary">
<doc>Sets the main frame as the current frame.</doc>
<status status="PASS" starttime="20221123 19:17:19.029" endtime="20221123 19:17:19.039"/>
</kw>
<kw name="Sleep" library="BuiltIn">
<arg>3</arg>
<doc>Pauses the test executed for the given time.</doc>
<msg timestamp="20221123 19:17:22.050" level="INFO">Slept 3 seconds</msg>
<status status="PASS" starttime="20221123 19:17:19.039" endtime="20221123 19:17:22.050"/>
</kw>
<kw name="Close Browser" library="SeleniumLibrary">
<doc>Closes the current browser.</doc>
<status status="PASS" starttime="20221123 19:17:22.052" endtime="20221123 19:17:24.421"/>
</kw>
<status status="PASS" starttime="20221123 19:17:05.527" endtime="20221123 19:17:24.423"/>
</test>
<status status="PASS" starttime="20221123 19:17:04.553" endtime="20221123 19:17:24.426"/>
</suite>
<statistics>
<total>
<stat pass="1" fail="0" skip="0">All Tests</stat>
</total>
<tag>
</tag>
<suite>
<stat pass="1" fail="0" skip="0" id="s1" name="Gestionlframe">Gestionlframe</stat>
</suite>
</statistics>
<errors>
</errors>
</robot>
